{"/Users/aldofiore/personal/phone-book-API/src/controllers/getPhoneNumbers.ts": {"path":"/Users/aldofiore/personal/phone-book-API/src/controllers/getPhoneNumbers.ts","statementMap":{"0":{"start":{"line":3,"column":31},"end":{"line":7,"column":null}},"1":{"start":{"line":3,"column":69},"end":{"line":7,"column":null}},"2":{"start":{"line":4,"column":2},"end":{"line":6,"column":null}},"3":{"start":{"line":3,"column":13},"end":{"line":3,"column":31}}},"fnMap":{"0":{"name":"(anonymous_7)","decl":{"start":{"line":3,"column":31},"end":{"line":3,"column":38}},"loc":{"start":{"line":3,"column":69},"end":{"line":7,"column":null}}},"1":{"name":"(anonymous_8)","decl":{"start":{"line":3,"column":69},"end":{"line":3,"column":null}},"loc":{"start":{"line":3,"column":69},"end":{"line":7,"column":1}}}},"branchMap":{},"s":{"0":1,"1":1,"2":1,"3":1},"f":{"0":1,"1":1},"b":{}}
}
